[Sun, 22 Mar 15 23:20:38 +0000][DEBUG] 
[Sun, 22 Mar 15 23:31:39 +0000][DEBUG] 
[Sun, 22 Mar 15 23:32:12 +0000][DEBUG] 
[Sun, 22 Mar 15 23:33:05 +0000][DEBUG] 
[Sun, 22 Mar 15 23:33:14 +0000][DEBUG] 
[Sun, 22 Mar 15 23:37:57 +0000][DEBUG] 
[Sun, 22 Mar 15 23:39:29 +0000][DEBUG] 
[Sun, 22 Mar 15 23:40:30 +0000][DEBUG] {"_url":"\/materials\/list\/"}
[Sun, 22 Mar 15 23:45:23 +0000][DEBUG] {"_url":"\/materials\/list\/"}
[Sun, 22 Mar 15 23:45:23 +0000][DEBUG] null
[Sun, 22 Mar 15 23:45:44 +0000][DEBUG] {"_url":"\/materials\/list\/"}
[Sun, 22 Mar 15 23:45:44 +0000][DEBUG] null
[Sun, 22 Mar 15 23:51:18 +0000][DEBUG] {"_url":"\/materials\/list\/"}
[Sun, 22 Mar 15 23:51:18 +0000][DEBUG] null
[Sun, 22 Mar 15 23:51:18 +0000][DEBUG] {"_url":"\/materials\/list\/"}
[Sun, 22 Mar 15 23:52:48 +0000][DEBUG] {"_url":"\/materials\/list\/"}
[Sun, 22 Mar 15 23:52:48 +0000][DEBUG] null
[Sun, 22 Mar 15 23:52:48 +0000][DEBUG] >>>{"_url":"\/materials\/list\/"}
[Sun, 22 Mar 15 23:56:49 +0000][DEBUG] {"_url":"\/materials\/list\/"}
[Sun, 22 Mar 15 23:56:49 +0000][DEBUG] null
[Sun, 22 Mar 15 23:56:49 +0000][DEBUG] >>>{"_url":"\/materials\/list\/"}
[Sun, 22 Mar 15 23:57:35 +0000][DEBUG] {"_url":"\/materials\/list\/","q":"hhhaskj","0":"l","1":"i","10":"s","11":"o","12":"r","13":"t","14":"_","15":"b","16":"y","17":"=","18":"c","19":"r","2":"m","20":"e","21":"a","22":"t","23":"e","24":"d","25":":","26":"d","27":"e","28":"s","29":"c","3":"i","4":"t","5":"=","6":"1","7":"0","8":",","9":" "}
[Sun, 22 Mar 15 23:57:35 +0000][DEBUG] null
[Sun, 22 Mar 15 23:57:35 +0000][DEBUG] >>>{"_url":"\/materials\/list\/","q":"hhhaskj","0":"l","1":"i","10":"s","11":"o","12":"r","13":"t","14":"_","15":"b","16":"y","17":"=","18":"c","19":"r","2":"m","20":"e","21":"a","22":"t","23":"e","24":"d","25":":","26":"d","27":"e","28":"s","29":"c","3":"i","4":"t","5":"=","6":"1","7":"0","8":",","9":" "}
[Sun, 22 Mar 15 23:57:36 +0000][DEBUG] tengo
[Sun, 22 Mar 15 23:57:36 +0000][DEBUG] [{"vid":"1","vocabulary_name":"type","description":"Type \/ Form","tid":"1","name":"SLAB","value":"1","label":"SLAB"},{"vid":"1","vocabulary_name":"type","description":"Type \/ Form","tid":"2","name":"VANITIES","value":"2","label":"VANITIES"},{"vid":"1","vocabulary_name":"type","description":"Type \/ Form","tid":"3","name":"TILE","value":"3","label":"TILE"},{"vid":"1","vocabulary_name":"type","description":"Type \/ Form","tid":"4","name":"SINKS","value":"4","label":"SINKS"},{"vid":"1","vocabulary_name":"type","description":"Type \/ Form","tid":"5","name":"COMMERCIAL","value":"5","label":"COMMERCIAL"},{"vid":"1","vocabulary_name":"type","description":"Type \/ Form","tid":"6","name":"COMPAC","value":"6","label":"COMPAC"},{"vid":"1","vocabulary_name":"type","description":"Type \/ Form","tid":"7","name":"DANZE","value":"7","label":"DANZE"},{"vid":"1","vocabulary_name":"type","description":"Type \/ Form","tid":"8","name":"ELKAY","value":"8","label":"ELKAY"},{"vid":"1","vocabulary_name":"type","description":"Type \/ Form","tid":"9","name":"GROHE","value":"9","label":"GROHE"},{"vid":"1","vocabulary_name":"type","description":"Type \/ Form","tid":"10","name":"JACUZZI","value":"10","label":"JACUZZI"},{"vid":"1","vocabulary_name":"type","description":"Type \/ Form","tid":"11","name":"OTHER","value":"11","label":"OTHER"},{"vid":"1","vocabulary_name":"type","description":"Type \/ Form","tid":"12","name":"SUPPLIES","value":"12","label":"SUPPLIES"},{"vid":"1","vocabulary_name":"type","description":"Type \/ Form","tid":"13","name":"TOTO","value":"13","label":"TOTO"},{"vid":"1","vocabulary_name":"type","description":"Type \/ Form","tid":"14","name":"LABOR","value":"14","label":"LABOR"}]
[Sun, 22 Mar 15 23:57:36 +0000][DEBUG] tengo
[Sun, 22 Mar 15 23:57:36 +0000][DEBUG] [{"vid":"2","vocabulary_name":"category","description":"Category \/ Nature","tid":"15","name":"Air Tool","value":"15","label":"Air Tool"},{"vid":"2","vocabulary_name":"category","description":"Category \/ Nature","tid":"16","name":"Aquatic","value":"16","label":"Aquatic"},{"vid":"2","vocabulary_name":"category","description":"Category \/ Nature","tid":"17","name":"Back Pad","value":"17","label":"Back Pad"},{"vid":"2","vocabulary_name":"category","description":"Category \/ Nature","tid":"18","name":"Bathtubs","value":"18","label":"Bathtubs"},{"vid":"2","vocabulary_name":"category","description":"Category \/ Nature","tid":"19","name":"Blanco","value":"19","label":"Blanco"},{"vid":"2","vocabulary_name":"category","description":"Category \/ Nature","tid":"20","name":"Bonding Agent","value":"20","label":"Bonding Agent"},{"vid":"2","vocabulary_name":"category","description":"Category \/ Nature","tid":"21","name":"Bridge Saw Blades","value":"21","label":"Bridge Saw Blades"},{"vid":"2","vocabulary_name":"category","description":"Category \/ Nature","tid":"22","name":"California Faucets","value":"22","label":"California Faucets"},{"vid":"2","vocabulary_name":"category","description":"Category \/ Nature","tid":"23","name":"Carpet","value":"23","label":"Carpet"},{"vid":"2","vocabulary_name":"category","description":"Category \/ Nature","tid":"24","name":"Caulk","value":"24","label":"Caulk"},{"vid":"2","vocabulary_name":"category","description":"Category \/ Nature","tid":"25","name":"Chemical","value":"25","label":"Chemical"},{"vid":"2","vocabulary_name":"category","description":"Category \/ Nature","tid":"26","name":"Cifial","value":"26","label":"Cifial"},{"vid":"2","vocabulary_name":"category","description":"Category \/ Nature","tid":"27","name":"CNC Tools","value":"27","label":"CNC Tools"},{"vid":"2","vocabulary_name":"category","description":"Category \/ Nature","tid":"28","name":"Colorant","value":"28","label":"Colorant"},{"vid":"2","vocabulary_name":"category","description":"Category \/ Nature","tid":"29","name":"Compac Marmol","value":"29","label":"Compac Marmol"},{"vid":"2","vocabulary_name":"category","description":"Category \/ Nature","tid":"30","name":"Compac Quartz","value":"30","label":"Compac Quartz"},{"vid":"2","vocabulary_name":"category","description":"Category \/ Nature","tid":"31","name":"Core Bit","value":"31","label":"Core Bit"},{"vid":"2","vocabulary_name":"category","description":"Category \/ Nature","tid":"32","name":"Countertop Support","value":"32","label":"Countertop Support"},{"vid":"2","vocabulary_name":"category","description":"Category \/ Nature","tid":"33","name":"Cup Wheel","value":"33","label":"Cup Wheel"},{"vid":"2","vocabulary_name":"category","description":"Category \/ Nature","tid":"34","name":"Dakota","value":"34","label":"Dakota"},{"vid":"2","vocabulary_name":"category","description":"Category \/ Nature","tid":"35","name":"Danze","value":"35","label":"Danze"},{"vid":"2","vocabulary_name":"category","description":"Category \/ Nature","tid":"36","name":"Delta","value":"36","label":"Delta"},{"vid":"2","vocabulary_name":"category","description":"Category \/ Nature","tid":"37","name":"Dry Pad","value":"37","label":"Dry Pad"},{"vid":"2","vocabulary_name":"category","description":"Category \/ Nature","tid":"38","name":"Elkay","value":"38","label":"Elkay"},{"vid":"2","vocabulary_name":"category","description":"Category \/ Nature","tid":"39","name":"Exotic","value":"39","label":"Exotic"},{"vid":"2","vocabulary_name":"category","description":"Category \/ Nature","tid":"40","name":"Fairmont Designs","value":"40","label":"Fairmont Designs"},{"vid":"2","vocabulary_name":"category","description":"Category \/ Nature","tid":"41","name":"Faucet","value":"41","label":"Faucet"},{"vid":"2","vocabulary_name":"category","description":"Category \/ Nature","tid":"42","name":"Gerber","value":"42","label":"Gerber"},{"vid":"2","vocabulary_name":"category","description":"Category \/ Nature","tid":"43","name":"Glue","value":"43","label":"Glue"},{"vid":"2","vocabulary_name":"category","description":"Category \/ Nature","tid":"44","name":"Granite","value":"44","label":"Granite"},{"vid":"2","vocabulary_name":"category","description":"Category \/ Nature","tid":"45","name":"Grinding Stone","value":"45","label":"Grinding Stone"},{"vid":"2","vocabulary_name":"category","description":"Category \/ Nature","tid":"46","name":"Grohe","value":"46","label":"Grohe"},{"vid":"2","vocabulary_name":"category","description":"Category \/ Nature","tid":"47","name":"Grout","value":"47","label":"Grout"},{"vid":"2","vocabulary_name":"category","description":"Category \/ Nature","tid":"48","name":"Hardwood","value":"48","label":"Hardwood"},{"vid":"2","vocabulary_name":"category","description":"Category \/ Nature","tid":"49","name":"Installation Products","value":"49","label":"Installation Products"},{"vid":"2","vocabulary_name":"category","description":"Category \/ Nature","tid":"50","name":"Jacuzzi","value":"50","label":"Jacuzzi"},{"vid":"2","vocabulary_name":"category","description":"Category \/ Nature","tid":"51","name":"Jason","value":"51","label":"Jason"},{"vid":"2","vocabulary_name":"category","description":"Category \/ Nature","tid":"52","name":"JB Signature","value":"52","label":"JB Signature"},{"vid":"2","vocabulary_name":"category","description":"Category \/ Nature","tid":"53","name":"Kitchen Aid","value":"53","label":"Kitchen Aid"},{"vid":"2","vocabulary_name":"category","description":"Category \/ Nature","tid":"54","name":"Kohler","value":"54","label":"Kohler"},{"vid":"2","vocabulary_name":"category","description":"Category \/ Nature","tid":"55","name":"LABOR","value":"55","label":"LABOR"},{"vid":"2","vocabulary_name":"category","description":"Category \/ Nature","tid":"56","name":"Limestone","value":"56","label":"Limestone"},{"vid":"2","vocabulary_name":"category","description":"Category \/ Nature","tid":"57","name":"Link-a-sink","value":"57","label":"Link-a-sink"},{"vid":"2","vocabulary_name":"category","description":"Category \/ Nature","tid":"58","name":"Marble","value":"58","label":"Marble"},{"vid":"2","vocabulary_name":"category","description":"Category \/ Nature","tid":"59","name":"Masterpiece Sinks","value":"59","label":"Masterpiece Sinks"},{"vid":"2","vocabulary_name":"category","description":"Category \/ Nature","tid":"60","name":"Material Handling","value":"60","label":"Material Handling"},{"vid":"2","vocabulary_name":"category","description":"Category \/ Nature","tid":"61","name":"Misc Sink","value":"61","label":"Misc Sink"},{"vid":"2","vocabulary_name":"category","description":"Category \/ Nature","tid":"62","name":"Mountain Plumbing","value":"62","label":"Mountain Plumbing"},{"vid":"2","vocabulary_name":"category","description":"Category \/ Nature","tid":"63","name":"Oceana","value":"63","label":"Oceana"},{"vid":"2","vocabulary_name":"category","description":"Category \/ Nature","tid":"64","name":"Oliveri","value":"64","label":"Oliveri"},{"vid":"2","vocabulary_name":"category","description":"Category \/ Nature","tid":"65","name":"ONYX","value":"65","label":"ONYX"},{"vid":"2","vocabulary_name":"category","description":"Category \/ Nature","tid":"66","name":"Polishing Wheel","value":"66","label":"Polishing Wheel"},{"vid":"2","vocabulary_name":"category","description":"Category \/ Nature","tid":"67","name":"Power Tools","value":"67","label":"Power Tools"},{"vid":"2","vocabulary_name":"category","description":"Category \/ Nature","tid":"68","name":"Quartzite","value":"68","label":"Quartzite"},{"vid":"2","vocabulary_name":"category","description":"Category \/ Nature","tid":"69","name":"Ragno","value":"69","label":"Ragno"},{"vid":"2","vocabulary_name":"category","description":"Category \/ Nature","tid":"70","name":"Rohl","value":"70","label":"Rohl"},{"vid":"2","vocabulary_name":"category","description":"Category \/ Nature","tid":"71","name":"Router Bit","value":"71","label":"Router Bit"},{"vid":"2","vocabulary_name":"category","description":"Category \/ Nature","tid":"72","name":"Safety Supplies","value":"72","label":"Safety Supplies"},{"vid":"2","vocabulary_name":"category","description":"Category \/ Nature","tid":"73","name":"Samsung Quartz","value":"73","label":"Samsung Quartz"},{"vid":"2","vocabulary_name":"category","description":"Category \/ Nature","tid":"74","name":"Sandpaper","value":"74","label":"Sandpaper"},{"vid":"2","vocabulary_name":"category","description":"Category \/ Nature","tid":"75","name":"Sandstone","value":"75","label":"Sandstone"},{"vid":"2","vocabulary_name":"category","description":"Category \/ Nature","tid":"76","name":"Santec","value":"76","label":"Santec"},{"vid":"2","vocabulary_name":"category","description":"Category \/ Nature","tid":"77","name":"Sink","value":"77","label":"Sink"},{"vid":"2","vocabulary_name":"category","description":"Category \/ Nature","tid":"78","name":"Slate","value":"78","label":"Slate"},{"vid":"2","vocabulary_name":"category","description":"Category \/ Nature","tid":"79","name":"Small Blades","value":"79","label":"Small Blades"},{"vid":"2","vocabulary_name":"category","description":"Category \/ Nature","tid":"80","name":"Soap Stone","value":"80","label":"Soap Stone"},{"vid":"2","vocabulary_name":"category","description":"Category \/ Nature","tid":"81","name":"Soapstone","value":"81","label":"Soapstone"},{"vid":"2","vocabulary_name":"category","description":"Category \/ Nature","tid":"82","name":"Specialty Tool","value":"82","label":"Specialty Tool"},{"vid":"2","vocabulary_name":"category","description":"Category \/ Nature","tid":"83","name":"Switchplate","value":"83","label":"Switchplate"},{"vid":"2","vocabulary_name":"category","description":"Category \/ Nature","tid":"84","name":"Thompson Traders","value":"84","label":"Thompson Traders"},{"vid":"2","vocabulary_name":"category","description":"Category \/ Nature","tid":"85","name":"Tile","value":"85","label":"Tile"},{"vid":"2","vocabulary_name":"category","description":"Category \/ Nature","tid":"86","name":"Toilet","value":"86","label":"Toilet"},{"vid":"2","vocabulary_name":"category","description":"Category \/ Nature","tid":"87","name":"Toilet Seats &amp; Washlets","value":"87","label":"Toilet Seats &amp; Washlets"},{"vid":"2","vocabulary_name":"category","description":"Category \/ Nature","tid":"88","name":"TOTO","value":"88","label":"TOTO"},{"vid":"2","vocabulary_name":"category","description":"Category \/ Nature","tid":"89","name":"Travertine","value":"89","label":"Travertine"},{"vid":"2","vocabulary_name":"category","description":"Category \/ Nature","tid":"90","name":"Vanities","value":"90","label":"Vanities"},{"vid":"2","vocabulary_name":"category","description":"Category \/ Nature","tid":"91","name":"Vinyl","value":"91","label":"Vinyl"},{"vid":"2","vocabulary_name":"category","description":"Category \/ Nature","tid":"92","name":"Wearables","value":"92","label":"Wearables"},{"vid":"2","vocabulary_name":"category","description":"Category \/ Nature","tid":"93","name":"Wet Pad","value":"93","label":"Wet Pad"},{"vid":"2","vocabulary_name":"category","description":"Category \/ Nature","tid":"94","name":"Wood Flooring","value":"94","label":"Wood Flooring"},{"vid":"2","vocabulary_name":"category","description":"Category \/ Nature","tid":"95","name":"Misc Supplies","value":"95","label":"Misc Supplies"},{"vid":"2","vocabulary_name":"category","description":"Category \/ Nature","tid":"96","name":"Emser","value":"96","label":"Emser"},{"vid":"2","vocabulary_name":"category","description":"Category \/ Nature","tid":"97","name":"Soho","value":"97","label":"Soho"},{"vid":"2","vocabulary_name":"category","description":"Category \/ Nature","tid":"98","name":"Elysium","value":"98","label":"Elysium"},{"vid":"2","vocabulary_name":"category","description":"Category \/ Nature","tid":"99","name":"Soft Quartzite","value":"99","label":"Soft Quartzite"},{"vid":"2","vocabulary_name":"category","description":"Category \/ Nature","tid":"100","name":"Crystal","value":"100","label":"Crystal"},{"vid":"2","vocabulary_name":"category","description":"Category \/ Nature","tid":"101","name":"Other","value":"101","label":"Other"}]
[Sun, 22 Mar 15 23:57:36 +0000][DEBUG] tengo
[Sun, 22 Mar 15 23:57:36 +0000][DEBUG] [{"vid":"6","vocabulary_name":"group","description":"Group","tid":"151","name":"Staples","value":"151","label":"Staples"},{"vid":"6","vocabulary_name":"group","description":"Group","tid":"152","name":"Premium","value":"152","label":"Premium"},{"vid":"6","vocabulary_name":"group","description":"Group","tid":"153","name":"Semi-precious","value":"153","label":"Semi-precious"},{"vid":"6","vocabulary_name":"group","description":"Group","tid":"154","name":"Exotics","value":"154","label":"Exotics"},{"vid":"6","vocabulary_name":"group","description":"Group","tid":"155","name":"Special Order","value":"155","label":"Special Order"},{"vid":"6","vocabulary_name":"group","description":"Group","tid":"156","name":"landscape","value":"156","label":"landscape"}]
[Sun, 22 Mar 15 23:57:36 +0000][DEBUG] tengo
[Sun, 22 Mar 15 23:57:36 +0000][DEBUG] [{"vid":"5","vocabulary_name":"thickness","description":"Thickness","tid":"150","name":"1 cm","value":"150","label":"1 cm"}]
[Sun, 22 Mar 15 23:57:38 +0000][DEBUG] {"_url":"\/materials\/list\/","q":"hhhaskj","0":"l","1":"i","10":"s","11":"o","12":"r","13":"t","14":"_","15":"b","16":"y","17":"=","18":"c","19":"r","2":"m","20":"e","21":"a","22":"t","23":"e","24":"d","25":":","26":"d","27":"e","28":"s","29":"c","3":"i","4":"t","5":"=","6":"1","7":"0","8":",","9":" "}
[Sun, 22 Mar 15 23:57:38 +0000][DEBUG] null
[Sun, 22 Mar 15 23:57:38 +0000][DEBUG] >>>{"_url":"\/materials\/list\/","q":"hhhaskj","0":"l","1":"i","10":"s","11":"o","12":"r","13":"t","14":"_","15":"b","16":"y","17":"=","18":"c","19":"r","2":"m","20":"e","21":"a","22":"t","23":"e","24":"d","25":":","26":"d","27":"e","28":"s","29":"c","3":"i","4":"t","5":"=","6":"1","7":"0","8":",","9":" "}
[Sun, 22 Mar 15 23:58:56 +0000][DEBUG] {"_url":"\/materials\/list\/","q":"hola","page":"amisgos"}
[Sun, 22 Mar 15 23:58:56 +0000][DEBUG] null
[Sun, 22 Mar 15 23:58:56 +0000][DEBUG] >>>{"_url":"\/materials\/list\/","q":"hola","page":"amisgos"}
[Sun, 22 Mar 15 23:58:58 +0000][DEBUG] {"_url":"\/materials\/list\/","q":"hola","page":"amisgos"}
[Sun, 22 Mar 15 23:58:58 +0000][DEBUG] null
[Sun, 22 Mar 15 23:58:58 +0000][DEBUG] >>>{"_url":"\/materials\/list\/","q":"hola","page":"amisgos"}
[Mon, 23 Mar 15 00:00:03 +0000][DEBUG] "hola"
[Mon, 23 Mar 15 00:33:32 +0000][DEBUG] qqqqqqqqqqqqq>hola
[Mon, 23 Mar 15 00:35:15 +0000][DEBUG] qqqqqqqqqqqqq>hhhaskj
[Mon, 23 Mar 15 00:35:22 +0000][DEBUG] qqqqqqqqqqqqq>anita
[Mon, 23 Mar 15 00:36:01 +0000][DEBUG] qqqqqqqqqqqqq>anita
[Mon, 23 Mar 15 00:36:03 +0000][DEBUG] qqqqqqqqqqqqq>hhhaskj
[Mon, 23 Mar 15 00:38:23 +0000][DEBUG] qqqqqqqqqqqqq>hhhaskj
[Mon, 23 Mar 15 00:38:30 +0000][DEBUG] qqqqqqqqqqqqq>
[Mon, 23 Mar 15 00:38:43 +0000][DEBUG] qqqqqqqqqqqqq>juani
[Mon, 23 Mar 15 00:38:50 +0000][DEBUG] qqqqqqqqqqqqq>
[Mon, 23 Mar 15 02:27:20 +0000][DEBUG] >>>{"_url":"\/materials\/list\/","page":"1","q":""}
[Mon, 23 Mar 15 02:27:32 +0000][DEBUG] >>>{"_url":"\/materials\/list\/","page":"1"}
[Mon, 23 Mar 15 02:27:39 +0000][DEBUG] >>>{"_url":"\/materials\/list\/","category":"18","group":"155","page":"1","thickness":"150","type":"2"}
[Mon, 23 Mar 15 19:37:42 +0000][DEBUG] PDOException: [SQLSTATE[HY093]: Invalid parameter number: number of bound variables does not match number of tokens] >>>>> at /var/www/html/triton/server/bo/inventory/ProductBO.php, line (117)
[Mon, 23 Mar 15 19:37:46 +0000][DEBUG] PDOException: [SQLSTATE[HY093]: Invalid parameter number: number of bound variables does not match number of tokens] >>>>> at /var/www/html/triton/server/bo/inventory/ProductBO.php, line (117)
[Mon, 23 Mar 15 19:38:04 +0000][DEBUG] PDOException: [SQLSTATE[HY093]: Invalid parameter number: number of bound variables does not match number of tokens] >>>>> at /var/www/html/triton/server/bo/inventory/ProductBO.php, line (117)
[Thu, 26 Mar 15 04:26:55 +0000][DEBUG] 1
[Thu, 26 Mar 15 04:28:29 +0000][DEBUG] 1
[Thu, 26 Mar 15 04:28:29 +0000][DEBUG] SELECT 
          vid
          , name
          , type
          , description
          , model
          , id
          , capacity
        FROM Triton\Models\Inventory\Vehicle p
        WHERE vid = :id:
      
[Thu, 26 Mar 15 04:28:29 +0000][DEBUG] {"vid":"1","name":"Van 1","type":"0","description":"Fort Myers Van 1, XXXXX","model":"FV477","id":"CCP744","capacity":"10 Ton"}
[Thu, 26 Mar 15 04:28:51 +0000][DEBUG] 1
[Thu, 26 Mar 15 04:28:51 +0000][DEBUG] SELECT 
          vid
          , name
          , type
          , description
          , model
          , id
          , capacity
        FROM Triton\Models\Inventory\Vehicle p
        WHERE vid = :id:
      
[Thu, 26 Mar 15 04:28:51 +0000][DEBUG] {"vid":"1","name":"Van 1","type":"0","description":"Fort Myers Van 1, XXXXX","model":"FV477","id":"CCP744","capacity":"10 Ton"}
[Thu, 26 Mar 15 04:29:01 +0000][DEBUG] 2
[Thu, 26 Mar 15 04:29:01 +0000][DEBUG] SELECT 
          vid
          , name
          , type
          , description
          , model
          , id
          , capacity
        FROM Triton\Models\Inventory\Vehicle p
        WHERE vid = :id:
      
[Thu, 26 Mar 15 04:29:01 +0000][DEBUG] {"vid":"2","name":"Van 2","type":"0","description":"Fort Myers Van 2, YYYYYYYY","model":"FV488","id":"BZI866","capacity":"12 Ton"}
[Thu, 26 Mar 15 19:46:48 +0000][DEBUG] Phalcon\Mvc\Model\Exception: [Model 'inventory_consignment' could not be loaded] >>>>> at /var/www/html/triton/server/bo/inventory/VanBO.php, line (112)
[Thu, 26 Mar 15 19:46:55 +0000][DEBUG] Phalcon\Mvc\Model\Exception: [Model 'inventory_consignment' could not be loaded] >>>>> at /var/www/html/triton/server/bo/inventory/VanBO.php, line (112)
[Thu, 26 Mar 15 19:47:19 +0000][DEBUG] Phalcon\Mvc\Model\Exception: [Model 'inventory_consignment' could not be loaded] >>>>> at /var/www/html/triton/server/bo/inventory/VanBO.php, line (112)
[Thu, 26 Mar 15 19:49:34 +0000][DEBUG] Phalcon\Paginator\Exception: [Invalid data for paginator] >>>>> at /var/www/html/triton/server/bo/inventory/VanBO.php, line (122)
[Thu, 26 Mar 15 21:50:24 +0000][DEBUG] PDOException: [SQLSTATE[42S22]: Column not found: 1054 Unknown column 'rp.unit_cost' in 'field list'] >>>>> at /var/www/html/triton/server/bo/inventory/ReturnBO.php, line (108)
[Thu, 26 Mar 15 23:38:29 +0000][DEBUG] Phalcon\Mvc\Model\Exception: [Syntax error, unexpected token SELECT, near to ' c.consignment_entity_id
          FROM inventory_consignment c
          WHERE c.consignment_entity_type = 'company'
          GROUP BY c.consignment_entity_id
        )
      ', when parsing: SELECT co.company_id
          , co.company_name
          , co.address
          , co.city
          , co.state
          , co.phones
        FROM companies co
        WHERE co.company_id IN (
          SELECT c.consignment_entity_id
          FROM inventory_consignment c
          WHERE c.consignment_entity_type = 'company'
          GROUP BY c.consignment_entity_id
        )
       (400)] >>>>> at /var/www/html/triton/server/bo/inventory/ConsignmentBO.php, line (36)
[Thu, 26 Mar 15 23:43:44 +0000][DEBUG] Phalcon\Mvc\Model\Exception: [Syntax error, unexpected token SELECT, near to ' c.consignment_entity_id
          FROM Triton\Models\Inventory\InventoryConsignment c
          WHERE c.consignment_entity_type = 'company'
          GROUP BY c.consignment_entity_id
        )
      ', when parsing: SELECT co.company_id
          , co.company_name
          , co.address
          , co.city
          , co.state
          , co.phones
        FROM Triton\Models\Actor\Companies co
        WHERE co.company_id IN (
          SELECT c.consignment_entity_id
          FROM Triton\Models\Inventory\InventoryConsignment c
          WHERE c.consignment_entity_type = 'company'
          GROUP BY c.consignment_entity_id
        )
       (443)] >>>>> at /var/www/html/triton/server/bo/inventory/ConsignmentBO.php, line (36)
[Thu, 26 Mar 15 23:46:14 +0000][DEBUG] Phalcon\Mvc\Model\Exception: [Model 'inventory_consignment' could not be loaded] >>>>> at /var/www/html/triton/server/bo/inventory/ConsignmentBO.php, line (41)
[Sat, 28 Mar 15 08:24:20 +0000][DEBUG] Phalcon\Mvc\Model\Exception: [Model 'inventory' could not be loaded] >>>>> at /var/www/html/triton/server/bo/inventory/ProductBO.php, line (249)
[Sat, 28 Mar 15 08:25:21 +0000][DEBUG] PDOException: [SQLSTATE[HY093]: Invalid parameter number: parameter was not defined] >>>>> at /var/www/html/triton/server/bo/inventory/ProductBO.php, line (249)
[Sat, 28 Mar 15 13:28:03 +0000][DEBUG] Phalcon\Mvc\Model\Exception: [Syntax error, unexpected token DOT, near to 'iid, inv.amount, inv.detail 
        FROM Triton\Models\Inventory\Product p
          LEFT JOIN Triton\Models\Taxonomy\TaxonomyTerm type ON type.tid = p.type
          LEFT JOIN Triton\Models\Taxonomy\TaxonomyTerm cat ON cat.tid = p.category
          LEFT JOIN Triton\Models\Geo\Countries orig ON orig.country_id = p.origin
          LEFT JOIN Triton\Models\Taxonomy\TaxonomyTerm ilacc ON ilacc.tid = p.inventory_account
          LEFT JOIN Triton\Models\Taxonomy\TaxonomyTerm inacc ON inacc.tid = p.income_account
          LEFT JOIN Triton\Models\Taxonomy\TaxonomyTerm cogsacc ON cogsacc.tid = p.cost_account
          LEFT JOIN Triton\Models\Inventory\Units uom ON uom.uid = p.units
          LEFT JOIN Triton\Models\Taxonomy\TaxonomyTerm subcat ON subcat.tid = p.subcategory
          LEFT JOIN Triton\Models\Taxonomy\TaxonomyTerm tgroup ON tgroup.tid = p.material_group
       JOIN Triton\Models\Inventory\Inventory inv ON inv.product = p.pid  WHERE 1=1  AND p.name LIKE :q:', when parsing: SELECT 
          pid
          ,sku
          ,p.name
          ,kind
          ,alternate_name
          ,type.name as type
          ,colors
          ,cat.name as category
          ,orig.country_name_eng as origin
          ,subcat.name as subcategory
          ,thickness
          ,tgroup.name as material_group
          ,series_name
          ,uom_group
          ,uom.name as units
          ,weight
          ,size
          ,is_indivisible
          ,is_manufactured
          ,price_1
          ,price_2
          ,price_3
          ,price_4
          ,price_range
          ,ilacc.name as inventory_account
          ,inacc.name as income_account
          ,cogsacc.name as cost_account
          ,safety_stock
          ,safety_stock_2
          ,reorder_quantity
          ,reorder_quantity_2
          ,lead_time
          ,bin
          ,preferred_supplier
          ,generic_name
          ,generic_sku
          ,alt_unit_1
          ,alt_equivalence_1
          ,alt_unit_2
          ,alt_equivalence_2
          ,alt_unit_3
          ,alt_equivalence_3
          ,alt_unit_4
          ,alt_equivalence_4
          ,alt_unit_5
          ,alt_equivalence_5
          ,alt_unit_6
          ,alt_equivalence_6
          ,is_minimum_unit
          ,is_new_arrival
          ,hide_on_website
          ,is_featured
          ,web_name
          ,description
          ,notes
          ,instructions
          ,disclaimer  inv.iid, inv.amount, inv.detail 
        FROM Triton\Models\Inventory\Product p
          LEFT JOIN Triton\Models\Taxonomy\TaxonomyTerm type ON type.tid = p.type
          LEFT JOIN Triton\Models\Taxonomy\TaxonomyTerm cat ON cat.tid = p.category
          LEFT JOIN Triton\Models\Geo\Countries orig ON orig.country_id = p.origin
          LEFT JOIN Triton\Models\Taxonomy\TaxonomyTerm ilacc ON ilacc.tid = p.inventory_account
          LEFT JOIN Triton\Models\Taxonomy\TaxonomyTerm inacc ON inacc.tid = p.income_account
          LEFT JOIN Triton\Models\Taxonomy\TaxonomyTerm cogsacc ON cogsacc.tid = p.cost_account
          LEFT JOIN Triton\Models\Inventory\Units uom ON uom.uid = p.units
          LEFT JOIN Triton\Models\Taxonomy\TaxonomyTerm subcat ON subcat.tid = p.subcategory
          LEFT JOIN Triton\Models\Taxonomy\TaxonomyTerm tgroup ON tgroup.tid = p.material_group
       JOIN Triton\Models\Inventory\Inventory inv ON inv.product = p.pid  WHERE 1=1  AND p.name LIKE :q: (2490)] >>>>> at /var/www/html/triton/server/bo/inventory/ProductBO.php, line (131)
[Sat, 28 Mar 15 13:28:22 +0000][DEBUG] Phalcon\Mvc\Model\Exception: [Syntax error, unexpected token DOT, near to 'iid, inv.amount, inv.detail 
        FROM Triton\Models\Inventory\Product p
          LEFT JOIN Triton\Models\Taxonomy\TaxonomyTerm type ON type.tid = p.type
          LEFT JOIN Triton\Models\Taxonomy\TaxonomyTerm cat ON cat.tid = p.category
          LEFT JOIN Triton\Models\Geo\Countries orig ON orig.country_id = p.origin
          LEFT JOIN Triton\Models\Taxonomy\TaxonomyTerm ilacc ON ilacc.tid = p.inventory_account
          LEFT JOIN Triton\Models\Taxonomy\TaxonomyTerm inacc ON inacc.tid = p.income_account
          LEFT JOIN Triton\Models\Taxonomy\TaxonomyTerm cogsacc ON cogsacc.tid = p.cost_account
          LEFT JOIN Triton\Models\Inventory\Units uom ON uom.uid = p.units
          LEFT JOIN Triton\Models\Taxonomy\TaxonomyTerm subcat ON subcat.tid = p.subcategory
          LEFT JOIN Triton\Models\Taxonomy\TaxonomyTerm tgroup ON tgroup.tid = p.material_group
       JOIN Triton\Models\Inventory\Inventory inv ON inv.product = p.pid  WHERE 1=1  AND p.name LIKE :q:', when parsing: SELECT 
          pid
          ,sku
          ,p.name
          ,kind
          ,alternate_name
          ,type.name as type
          ,colors
          ,cat.name as category
          ,orig.country_name_eng as origin
          ,subcat.name as subcategory
          ,thickness
          ,tgroup.name as material_group
          ,series_name
          ,uom_group
          ,uom.name as units
          ,weight
          ,size
          ,is_indivisible
          ,is_manufactured
          ,price_1
          ,price_2
          ,price_3
          ,price_4
          ,price_range
          ,ilacc.name as inventory_account
          ,inacc.name as income_account
          ,cogsacc.name as cost_account
          ,safety_stock
          ,safety_stock_2
          ,reorder_quantity
          ,reorder_quantity_2
          ,lead_time
          ,bin
          ,preferred_supplier
          ,generic_name
          ,generic_sku
          ,alt_unit_1
          ,alt_equivalence_1
          ,alt_unit_2
          ,alt_equivalence_2
          ,alt_unit_3
          ,alt_equivalence_3
          ,alt_unit_4
          ,alt_equivalence_4
          ,alt_unit_5
          ,alt_equivalence_5
          ,alt_unit_6
          ,alt_equivalence_6
          ,is_minimum_unit
          ,is_new_arrival
          ,hide_on_website
          ,is_featured
          ,web_name
          ,description
          ,notes
          ,instructions
          ,disclaimer  inv.iid, inv.amount, inv.detail 
        FROM Triton\Models\Inventory\Product p
          LEFT JOIN Triton\Models\Taxonomy\TaxonomyTerm type ON type.tid = p.type
          LEFT JOIN Triton\Models\Taxonomy\TaxonomyTerm cat ON cat.tid = p.category
          LEFT JOIN Triton\Models\Geo\Countries orig ON orig.country_id = p.origin
          LEFT JOIN Triton\Models\Taxonomy\TaxonomyTerm ilacc ON ilacc.tid = p.inventory_account
          LEFT JOIN Triton\Models\Taxonomy\TaxonomyTerm inacc ON inacc.tid = p.income_account
          LEFT JOIN Triton\Models\Taxonomy\TaxonomyTerm cogsacc ON cogsacc.tid = p.cost_account
          LEFT JOIN Triton\Models\Inventory\Units uom ON uom.uid = p.units
          LEFT JOIN Triton\Models\Taxonomy\TaxonomyTerm subcat ON subcat.tid = p.subcategory
          LEFT JOIN Triton\Models\Taxonomy\TaxonomyTerm tgroup ON tgroup.tid = p.material_group
       JOIN Triton\Models\Inventory\Inventory inv ON inv.product = p.pid  WHERE 1=1  AND p.name LIKE :q: (2490)] >>>>> at /var/www/html/triton/server/bo/inventory/ProductBO.php, line (131)
[Sat, 28 Mar 15 13:36:10 +0000][DEBUG] Phalcon\Mvc\Model\Exception: [Syntax error, unexpected token DOT, near to 'iid, inv.amount, inv.detail 
        FROM Triton\Models\Inventory\Product p
          LEFT JOIN Triton\Models\Taxonomy\TaxonomyTerm type ON type.tid = p.type
          LEFT JOIN Triton\Models\Taxonomy\TaxonomyTerm cat ON cat.tid = p.category
          LEFT JOIN Triton\Models\Geo\Countries orig ON orig.country_id = p.origin
          LEFT JOIN Triton\Models\Taxonomy\TaxonomyTerm ilacc ON ilacc.tid = p.inventory_account
          LEFT JOIN Triton\Models\Taxonomy\TaxonomyTerm inacc ON inacc.tid = p.income_account
          LEFT JOIN Triton\Models\Taxonomy\TaxonomyTerm cogsacc ON cogsacc.tid = p.cost_account
          LEFT JOIN Triton\Models\Inventory\Units uom ON uom.uid = p.units
          LEFT JOIN Triton\Models\Taxonomy\TaxonomyTerm subcat ON subcat.tid = p.subcategory
          LEFT JOIN Triton\Models\Taxonomy\TaxonomyTerm tgroup ON tgroup.tid = p.material_group
       JOIN Triton\Models\Inventory\Inventory inv ON inv.product = p.pid  WHERE 1=1  AND p.name LIKE :q:', when parsing: SELECT 
          pid
          ,sku
          ,p.name
          ,kind
          ,alternate_name
          ,type.name as type
          ,colors
          ,cat.name as category
          ,orig.country_name_eng as origin
          ,subcat.name as subcategory
          ,thickness
          ,tgroup.name as material_group
          ,series_name
          ,uom_group
          ,uom.name as units
          ,weight
          ,size
          ,is_indivisible
          ,is_manufactured
          ,price_1
          ,price_2
          ,price_3
          ,price_4
          ,price_range
          ,ilacc.name as inventory_account
          ,inacc.name as income_account
          ,cogsacc.name as cost_account
          ,safety_stock
          ,safety_stock_2
          ,reorder_quantity
          ,reorder_quantity_2
          ,lead_time
          ,bin
          ,preferred_supplier
          ,generic_name
          ,generic_sku
          ,alt_unit_1
          ,alt_equivalence_1
          ,alt_unit_2
          ,alt_equivalence_2
          ,alt_unit_3
          ,alt_equivalence_3
          ,alt_unit_4
          ,alt_equivalence_4
          ,alt_unit_5
          ,alt_equivalence_5
          ,alt_unit_6
          ,alt_equivalence_6
          ,is_minimum_unit
          ,is_new_arrival
          ,hide_on_website
          ,is_featured
          ,web_name
          ,description
          ,notes
          ,instructions
          ,disclaimer  inv.iid, inv.amount, inv.detail 
        FROM Triton\Models\Inventory\Product p
          LEFT JOIN Triton\Models\Taxonomy\TaxonomyTerm type ON type.tid = p.type
          LEFT JOIN Triton\Models\Taxonomy\TaxonomyTerm cat ON cat.tid = p.category
          LEFT JOIN Triton\Models\Geo\Countries orig ON orig.country_id = p.origin
          LEFT JOIN Triton\Models\Taxonomy\TaxonomyTerm ilacc ON ilacc.tid = p.inventory_account
          LEFT JOIN Triton\Models\Taxonomy\TaxonomyTerm inacc ON inacc.tid = p.income_account
          LEFT JOIN Triton\Models\Taxonomy\TaxonomyTerm cogsacc ON cogsacc.tid = p.cost_account
          LEFT JOIN Triton\Models\Inventory\Units uom ON uom.uid = p.units
          LEFT JOIN Triton\Models\Taxonomy\TaxonomyTerm subcat ON subcat.tid = p.subcategory
          LEFT JOIN Triton\Models\Taxonomy\TaxonomyTerm tgroup ON tgroup.tid = p.material_group
       JOIN Triton\Models\Inventory\Inventory inv ON inv.product = p.pid  WHERE 1=1  AND p.name LIKE :q: (2490)] >>>>> at /var/www/html/triton/server/bo/inventory/ProductBO.php, line (131)
[Sat, 28 Mar 15 15:12:55 +0000][DEBUG] Phalcon\Mvc\Model\Exception: [Syntax error, unexpected token COMMA, near to ' :inventory:
          , :type:
          , :van:
          , :amount:
        )
      ', when parsing: INSERT INTO Triton\Models\Inventory\InventoryConsignment ( 
          inventory
          , consignment_entity_type
          , consignment_entity_id
          , amount
        )
        VALUES (
          , :inventory:
          , :type:
          , :van:
          , :amount:
        )
       (306)] >>>>> at /var/www/html/triton/server/bo/inventory/VanBO.php, line (167)
[Sun, 12 Apr 15 17:58:45 +0000][DEBUG] PDOException: [SQLSTATE[28000] [1045] Access denied for user 'juangalf'@'localhost' (using password: YES)] >>>>> at /var/www/html/triton/server/bootstrap.php, line (46)
[Sun, 12 Apr 15 17:58:45 +0000][DEBUG] PDOException: [SQLSTATE[28000] [1045] Access denied for user 'juangalf'@'localhost' (using password: YES)] >>>>> at /var/www/html/triton/server/bootstrap.php, line (46)
[Sun, 12 Apr 15 17:58:45 +0000][DEBUG] PDOException: [SQLSTATE[28000] [1045] Access denied for user 'juangalf'@'localhost' (using password: YES)] >>>>> at /var/www/html/triton/server/bootstrap.php, line (46)
[Sun, 12 Apr 15 17:58:45 +0000][DEBUG] PDOException: [SQLSTATE[28000] [1045] Access denied for user 'juangalf'@'localhost' (using password: YES)] >>>>> at /var/www/html/triton/server/bootstrap.php, line (46)
[Sun, 12 Apr 15 17:58:45 +0000][DEBUG] PDOException: [SQLSTATE[28000] [1045] Access denied for user 'juangalf'@'localhost' (using password: YES)] >>>>> at /var/www/html/triton/server/bootstrap.php, line (46)
[Tue, 21 Apr 15 03:19:17 +0000][DEBUG] Phalcon\Mvc\Model\Exception: [Row is an immutable ArrayAccess object] >>>>> at phalcon/mvc/model/row.zep, line (77)
[Tue, 21 Apr 15 03:20:04 +0000][DEBUG] Phalcon\Mvc\Model\Exception: [Row is an immutable ArrayAccess object] >>>>> at phalcon/mvc/model/row.zep, line (77)
[Tue, 21 Apr 15 13:16:09 +0000][DEBUG] Phalcon\Mvc\Model\Exception: [Row is an immutable ArrayAccess object] >>>>> at phalcon/mvc/model/row.zep, line (77)
[Tue, 21 Apr 15 13:17:27 +0000][DEBUG] Phalcon\Mvc\Model\Exception: [Row is an immutable ArrayAccess object] >>>>> at phalcon/mvc/model/row.zep, line (77)
[Tue, 21 Apr 15 13:18:31 +0000][DEBUG] Phalcon\Mvc\Model\Exception: [Row is an immutable ArrayAccess object] >>>>> at phalcon/mvc/model/row.zep, line (77)
[Tue, 21 Apr 15 13:18:35 +0000][DEBUG] Phalcon\Mvc\Model\Exception: [Row is an immutable ArrayAccess object] >>>>> at phalcon/mvc/model/row.zep, line (77)
[Tue, 21 Apr 15 13:34:27 +0000][DEBUG] Phalcon\Mvc\Model\Exception: [Row is an immutable ArrayAccess object] >>>>> at phalcon/mvc/model/row.zep, line (77)
[Tue, 21 Apr 15 13:35:40 +0000][DEBUG] Phalcon\Mvc\Model\Exception: [Row is an immutable ArrayAccess object] >>>>> at phalcon/mvc/model/row.zep, line (77)
[Tue, 21 Apr 15 13:35:53 +0000][DEBUG] Phalcon\Mvc\Model\Exception: [Row is an immutable ArrayAccess object] >>>>> at phalcon/mvc/model/row.zep, line (77)
[Tue, 21 Apr 15 13:36:40 +0000][DEBUG] Phalcon\Mvc\Model\Exception: [Row is an immutable ArrayAccess object] >>>>> at phalcon/mvc/model/row.zep, line (77)
[Tue, 21 Apr 15 13:36:41 +0000][DEBUG] Phalcon\Mvc\Model\Exception: [Row is an immutable ArrayAccess object] >>>>> at phalcon/mvc/model/row.zep, line (77)
[Tue, 21 Apr 15 13:36:50 +0000][DEBUG] Phalcon\Mvc\Model\Exception: [Row is an immutable ArrayAccess object] >>>>> at phalcon/mvc/model/row.zep, line (77)
[Tue, 21 Apr 15 13:40:08 +0000][DEBUG] Phalcon\Mvc\Model\Exception: [Row is an immutable ArrayAccess object] >>>>> at phalcon/mvc/model/row.zep, line (77)
[Tue, 21 Apr 15 13:45:46 +0000][DEBUG] Phalcon\Mvc\Model\Row
[Tue, 21 Apr 15 13:45:46 +0000][DEBUG] Phalcon\Mvc\Model\Row
[Tue, 21 Apr 15 13:45:46 +0000][DEBUG] Phalcon\Mvc\Model\Row
[Tue, 21 Apr 15 13:45:46 +0000][DEBUG] Phalcon\Mvc\Model\Row
[Tue, 21 Apr 15 13:45:46 +0000][DEBUG] Phalcon\Mvc\Model\Row
[Tue, 21 Apr 15 13:45:46 +0000][DEBUG] Phalcon\Mvc\Model\Row
[Tue, 21 Apr 15 13:45:46 +0000][DEBUG] Phalcon\Mvc\Model\Row
[Tue, 21 Apr 15 13:45:46 +0000][DEBUG] Phalcon\Mvc\Model\Row
[Tue, 21 Apr 15 13:45:46 +0000][DEBUG] Phalcon\Mvc\Model\Row
[Tue, 21 Apr 15 13:45:46 +0000][DEBUG] Phalcon\Mvc\Model\Row
[Tue, 21 Apr 15 13:45:46 +0000][DEBUG] Phalcon\Mvc\Model\Row
[Tue, 21 Apr 15 13:45:46 +0000][DEBUG] Phalcon\Mvc\Model\Row
[Tue, 21 Apr 15 13:45:46 +0000][DEBUG] Phalcon\Mvc\Model\Row
[Tue, 21 Apr 15 13:45:46 +0000][DEBUG] Phalcon\Mvc\Model\Row
[Tue, 21 Apr 15 13:45:46 +0000][DEBUG] Phalcon\Mvc\Model\Row
[Tue, 21 Apr 15 13:45:46 +0000][DEBUG] Phalcon\Mvc\Model\Row
[Tue, 21 Apr 15 13:45:46 +0000][DEBUG] Phalcon\Mvc\Model\Row
[Tue, 21 Apr 15 13:45:46 +0000][DEBUG] Phalcon\Mvc\Model\Row
[Tue, 21 Apr 15 13:45:46 +0000][DEBUG] Phalcon\Mvc\Model\Row
[Tue, 21 Apr 15 13:45:46 +0000][DEBUG] Phalcon\Mvc\Model\Row
[Tue, 21 Apr 15 13:47:24 +0000][DEBUG] Phalcon\Mvc\Model\Row
[Tue, 21 Apr 15 13:47:35 +0000][DEBUG] Phalcon\Mvc\Model\Row
[Thu, 23 Apr 15 04:55:32 +0000][DEBUG] Phalcon\Mvc\Model\Exception: [Row is an immutable ArrayAccess object] >>>>> at phalcon/mvc/model/row.zep, line (77)
[Thu, 23 Apr 15 04:55:33 +0000][DEBUG] PDOException: [SQLSTATE[23000]: Integrity constraint violation: 1052 Column 'name' in where clause is ambiguous] >>>>> at /var/www/html/triton/server/bo/util/TaxonomyBO.php, line (28)
[Thu, 23 Apr 15 04:55:33 +0000][DEBUG] PDOException: [SQLSTATE[23000]: Integrity constraint violation: 1052 Column 'name' in where clause is ambiguous] >>>>> at /var/www/html/triton/server/bo/util/TaxonomyBO.php, line (28)
[Thu, 23 Apr 15 04:55:33 +0000][DEBUG] PDOException: [SQLSTATE[23000]: Integrity constraint violation: 1052 Column 'name' in where clause is ambiguous] >>>>> at /var/www/html/triton/server/bo/util/TaxonomyBO.php, line (28)
[Thu, 23 Apr 15 04:55:33 +0000][DEBUG] PDOException: [SQLSTATE[23000]: Integrity constraint violation: 1052 Column 'name' in where clause is ambiguous] >>>>> at /var/www/html/triton/server/bo/util/TaxonomyBO.php, line (28)
[Thu, 23 Apr 15 04:55:52 +0000][DEBUG] Phalcon\Mvc\Model\Exception: [Row is an immutable ArrayAccess object] >>>>> at phalcon/mvc/model/row.zep, line (77)
[Thu, 23 Apr 15 04:55:53 +0000][DEBUG] PDOException: [SQLSTATE[23000]: Integrity constraint violation: 1052 Column 'name' in where clause is ambiguous] >>>>> at /var/www/html/triton/server/bo/util/TaxonomyBO.php, line (28)
[Thu, 23 Apr 15 04:55:53 +0000][DEBUG] PDOException: [SQLSTATE[23000]: Integrity constraint violation: 1052 Column 'name' in where clause is ambiguous] >>>>> at /var/www/html/triton/server/bo/util/TaxonomyBO.php, line (28)
[Thu, 23 Apr 15 04:55:53 +0000][DEBUG] PDOException: [SQLSTATE[23000]: Integrity constraint violation: 1052 Column 'name' in where clause is ambiguous] >>>>> at /var/www/html/triton/server/bo/util/TaxonomyBO.php, line (28)
[Thu, 23 Apr 15 04:55:53 +0000][DEBUG] PDOException: [SQLSTATE[23000]: Integrity constraint violation: 1052 Column 'name' in where clause is ambiguous] >>>>> at /var/www/html/triton/server/bo/util/TaxonomyBO.php, line (28)
[Thu, 23 Apr 15 04:56:44 +0000][DEBUG] Phalcon\Mvc\Model\Exception: [Row is an immutable ArrayAccess object] >>>>> at phalcon/mvc/model/row.zep, line (77)
[Thu, 23 Apr 15 04:56:45 +0000][DEBUG] PDOException: [SQLSTATE[23000]: Integrity constraint violation: 1052 Column 'name' in where clause is ambiguous] >>>>> at /var/www/html/triton/server/bo/util/TaxonomyBO.php, line (28)
[Thu, 23 Apr 15 04:56:45 +0000][DEBUG] PDOException: [SQLSTATE[23000]: Integrity constraint violation: 1052 Column 'name' in where clause is ambiguous] >>>>> at /var/www/html/triton/server/bo/util/TaxonomyBO.php, line (28)
[Thu, 23 Apr 15 04:56:45 +0000][DEBUG] PDOException: [SQLSTATE[23000]: Integrity constraint violation: 1052 Column 'name' in where clause is ambiguous] >>>>> at /var/www/html/triton/server/bo/util/TaxonomyBO.php, line (28)
[Thu, 23 Apr 15 04:56:45 +0000][DEBUG] PDOException: [SQLSTATE[23000]: Integrity constraint violation: 1052 Column 'name' in where clause is ambiguous] >>>>> at /var/www/html/triton/server/bo/util/TaxonomyBO.php, line (28)
[Thu, 23 Apr 15 04:57:43 +0000][DEBUG] Phalcon\Mvc\Model\Exception: [Row is an immutable ArrayAccess object] >>>>> at phalcon/mvc/model/row.zep, line (77)
[Thu, 23 Apr 15 04:57:43 +0000][DEBUG] PDOException: [SQLSTATE[23000]: Integrity constraint violation: 1052 Column 'name' in where clause is ambiguous] >>>>> at /var/www/html/triton/server/bo/util/TaxonomyBO.php, line (28)
[Thu, 23 Apr 15 04:57:43 +0000][DEBUG] PDOException: [SQLSTATE[23000]: Integrity constraint violation: 1052 Column 'name' in where clause is ambiguous] >>>>> at /var/www/html/triton/server/bo/util/TaxonomyBO.php, line (28)
[Thu, 23 Apr 15 04:57:43 +0000][DEBUG] PDOException: [SQLSTATE[23000]: Integrity constraint violation: 1052 Column 'name' in where clause is ambiguous] >>>>> at /var/www/html/triton/server/bo/util/TaxonomyBO.php, line (28)
[Thu, 23 Apr 15 04:57:43 +0000][DEBUG] PDOException: [SQLSTATE[23000]: Integrity constraint violation: 1052 Column 'name' in where clause is ambiguous] >>>>> at /var/www/html/triton/server/bo/util/TaxonomyBO.php, line (28)
[Thu, 23 Apr 15 05:01:14 +0000][DEBUG] Phalcon\Mvc\Model\Exception: [Row is an immutable ArrayAccess object] >>>>> at phalcon/mvc/model/row.zep, line (77)
[Thu, 23 Apr 15 05:01:15 +0000][DEBUG] PDOException: [SQLSTATE[23000]: Integrity constraint violation: 1052 Column 'name' in where clause is ambiguous] >>>>> at /var/www/html/triton/server/bo/util/TaxonomyBO.php, line (28)
[Thu, 23 Apr 15 05:01:15 +0000][DEBUG] PDOException: [SQLSTATE[23000]: Integrity constraint violation: 1052 Column 'name' in where clause is ambiguous] >>>>> at /var/www/html/triton/server/bo/util/TaxonomyBO.php, line (28)
[Thu, 23 Apr 15 05:01:15 +0000][DEBUG] PDOException: [SQLSTATE[23000]: Integrity constraint violation: 1052 Column 'name' in where clause is ambiguous] >>>>> at /var/www/html/triton/server/bo/util/TaxonomyBO.php, line (28)
[Thu, 23 Apr 15 05:01:15 +0000][DEBUG] PDOException: [SQLSTATE[23000]: Integrity constraint violation: 1052 Column 'name' in where clause is ambiguous] >>>>> at /var/www/html/triton/server/bo/util/TaxonomyBO.php, line (28)
[Thu, 23 Apr 15 16:02:45 +0000][DEBUG] Phalcon\Mvc\Model\Exception: [Row is an immutable ArrayAccess object] >>>>> at phalcon/mvc/model/row.zep, line (77)
[Thu, 23 Apr 15 16:02:46 +0000][DEBUG] PDOException: [SQLSTATE[23000]: Integrity constraint violation: 1052 Column 'name' in where clause is ambiguous] >>>>> at /var/www/html/triton/server/bo/util/TaxonomyBO.php, line (28)
[Thu, 23 Apr 15 16:02:46 +0000][DEBUG] PDOException: [SQLSTATE[23000]: Integrity constraint violation: 1052 Column 'name' in where clause is ambiguous] >>>>> at /var/www/html/triton/server/bo/util/TaxonomyBO.php, line (28)
[Thu, 23 Apr 15 16:02:46 +0000][DEBUG] PDOException: [SQLSTATE[23000]: Integrity constraint violation: 1052 Column 'name' in where clause is ambiguous] >>>>> at /var/www/html/triton/server/bo/util/TaxonomyBO.php, line (28)
[Thu, 23 Apr 15 16:02:46 +0000][DEBUG] PDOException: [SQLSTATE[23000]: Integrity constraint violation: 1052 Column 'name' in where clause is ambiguous] >>>>> at /var/www/html/triton/server/bo/util/TaxonomyBO.php, line (28)
[Thu, 23 Apr 15 16:04:43 +0000][DEBUG] Phalcon\Mvc\Model\Exception: [Row is an immutable ArrayAccess object] >>>>> at phalcon/mvc/model/row.zep, line (77)
[Thu, 23 Apr 15 16:04:51 +0000][DEBUG] PDOException: [SQLSTATE[23000]: Integrity constraint violation: 1052 Column 'name' in where clause is ambiguous] >>>>> at /var/www/html/triton/server/bo/util/TaxonomyBO.php, line (28)
[Thu, 23 Apr 15 16:04:51 +0000][DEBUG] PDOException: [SQLSTATE[23000]: Integrity constraint violation: 1052 Column 'name' in where clause is ambiguous] >>>>> at /var/www/html/triton/server/bo/util/TaxonomyBO.php, line (28)
[Thu, 23 Apr 15 16:04:51 +0000][DEBUG] PDOException: [SQLSTATE[23000]: Integrity constraint violation: 1052 Column 'name' in where clause is ambiguous] >>>>> at /var/www/html/triton/server/bo/util/TaxonomyBO.php, line (28)
[Thu, 23 Apr 15 16:04:51 +0000][DEBUG] PDOException: [SQLSTATE[23000]: Integrity constraint violation: 1052 Column 'name' in where clause is ambiguous] >>>>> at /var/www/html/triton/server/bo/util/TaxonomyBO.php, line (28)
[Thu, 23 Apr 15 16:05:07 +0000][DEBUG] Phalcon\Mvc\Model\Exception: [Row is an immutable ArrayAccess object] >>>>> at phalcon/mvc/model/row.zep, line (77)
[Thu, 23 Apr 15 16:05:09 +0000][DEBUG] Phalcon\Mvc\Model\Exception: [Row is an immutable ArrayAccess object] >>>>> at phalcon/mvc/model/row.zep, line (77)
[Thu, 23 Apr 15 16:05:09 +0000][DEBUG] PDOException: [SQLSTATE[23000]: Integrity constraint violation: 1052 Column 'name' in where clause is ambiguous] >>>>> at /var/www/html/triton/server/bo/util/TaxonomyBO.php, line (28)
[Thu, 23 Apr 15 16:05:09 +0000][DEBUG] PDOException: [SQLSTATE[23000]: Integrity constraint violation: 1052 Column 'name' in where clause is ambiguous] >>>>> at /var/www/html/triton/server/bo/util/TaxonomyBO.php, line (28)
[Thu, 23 Apr 15 16:05:09 +0000][DEBUG] PDOException: [SQLSTATE[23000]: Integrity constraint violation: 1052 Column 'name' in where clause is ambiguous] >>>>> at /var/www/html/triton/server/bo/util/TaxonomyBO.php, line (28)
[Thu, 23 Apr 15 16:05:09 +0000][DEBUG] PDOException: [SQLSTATE[23000]: Integrity constraint violation: 1052 Column 'name' in where clause is ambiguous] >>>>> at /var/www/html/triton/server/bo/util/TaxonomyBO.php, line (28)
[Thu, 23 Apr 15 16:05:10 +0000][DEBUG] PDOException: [SQLSTATE[23000]: Integrity constraint violation: 1052 Column 'name' in where clause is ambiguous] >>>>> at /var/www/html/triton/server/bo/util/TaxonomyBO.php, line (28)
[Thu, 23 Apr 15 16:05:10 +0000][DEBUG] PDOException: [SQLSTATE[23000]: Integrity constraint violation: 1052 Column 'name' in where clause is ambiguous] >>>>> at /var/www/html/triton/server/bo/util/TaxonomyBO.php, line (28)
[Thu, 23 Apr 15 16:05:10 +0000][DEBUG] PDOException: [SQLSTATE[23000]: Integrity constraint violation: 1052 Column 'name' in where clause is ambiguous] >>>>> at /var/www/html/triton/server/bo/util/TaxonomyBO.php, line (28)
[Thu, 23 Apr 15 16:05:10 +0000][DEBUG] PDOException: [SQLSTATE[23000]: Integrity constraint violation: 1052 Column 'name' in where clause is ambiguous] >>>>> at /var/www/html/triton/server/bo/util/TaxonomyBO.php, line (28)
[Thu, 23 Apr 15 16:14:38 +0000][DEBUG] Phalcon\Mvc\Model\Exception: [Row is an immutable ArrayAccess object] >>>>> at phalcon/mvc/model/row.zep, line (77)
[Thu, 23 Apr 15 16:14:39 +0000][DEBUG] PDOException: [SQLSTATE[23000]: Integrity constraint violation: 1052 Column 'name' in where clause is ambiguous] >>>>> at /var/www/html/triton/server/bo/util/TaxonomyBO.php, line (28)
[Thu, 23 Apr 15 16:14:39 +0000][DEBUG] PDOException: [SQLSTATE[23000]: Integrity constraint violation: 1052 Column 'name' in where clause is ambiguous] >>>>> at /var/www/html/triton/server/bo/util/TaxonomyBO.php, line (28)
[Thu, 23 Apr 15 16:14:39 +0000][DEBUG] PDOException: [SQLSTATE[23000]: Integrity constraint violation: 1052 Column 'name' in where clause is ambiguous] >>>>> at /var/www/html/triton/server/bo/util/TaxonomyBO.php, line (28)
[Thu, 23 Apr 15 16:14:39 +0000][DEBUG] PDOException: [SQLSTATE[23000]: Integrity constraint violation: 1052 Column 'name' in where clause is ambiguous] >>>>> at /var/www/html/triton/server/bo/util/TaxonomyBO.php, line (28)
[Thu, 23 Apr 15 16:15:43 +0000][DEBUG] Phalcon\Mvc\Model\Exception: [Row is an immutable ArrayAccess object] >>>>> at phalcon/mvc/model/row.zep, line (77)
[Thu, 23 Apr 15 16:15:43 +0000][DEBUG] PDOException: [SQLSTATE[23000]: Integrity constraint violation: 1052 Column 'name' in where clause is ambiguous] >>>>> at /var/www/html/triton/server/bo/util/TaxonomyBO.php, line (28)
[Thu, 23 Apr 15 16:15:43 +0000][DEBUG] PDOException: [SQLSTATE[23000]: Integrity constraint violation: 1052 Column 'name' in where clause is ambiguous] >>>>> at /var/www/html/triton/server/bo/util/TaxonomyBO.php, line (28)
[Thu, 23 Apr 15 16:15:43 +0000][DEBUG] PDOException: [SQLSTATE[23000]: Integrity constraint violation: 1052 Column 'name' in where clause is ambiguous] >>>>> at /var/www/html/triton/server/bo/util/TaxonomyBO.php, line (28)
[Thu, 23 Apr 15 16:15:43 +0000][DEBUG] PDOException: [SQLSTATE[23000]: Integrity constraint violation: 1052 Column 'name' in where clause is ambiguous] >>>>> at /var/www/html/triton/server/bo/util/TaxonomyBO.php, line (28)
[Thu, 23 Apr 15 16:15:52 +0000][DEBUG] Phalcon\Mvc\Model\Exception: [Row is an immutable ArrayAccess object] >>>>> at phalcon/mvc/model/row.zep, line (77)
[Thu, 23 Apr 15 16:15:53 +0000][DEBUG] PDOException: [SQLSTATE[23000]: Integrity constraint violation: 1052 Column 'name' in where clause is ambiguous] >>>>> at /var/www/html/triton/server/bo/util/TaxonomyBO.php, line (28)
[Thu, 23 Apr 15 16:15:53 +0000][DEBUG] PDOException: [SQLSTATE[23000]: Integrity constraint violation: 1052 Column 'name' in where clause is ambiguous] >>>>> at /var/www/html/triton/server/bo/util/TaxonomyBO.php, line (28)
[Thu, 23 Apr 15 16:15:53 +0000][DEBUG] PDOException: [SQLSTATE[23000]: Integrity constraint violation: 1052 Column 'name' in where clause is ambiguous] >>>>> at /var/www/html/triton/server/bo/util/TaxonomyBO.php, line (28)
[Thu, 23 Apr 15 16:15:53 +0000][DEBUG] PDOException: [SQLSTATE[23000]: Integrity constraint violation: 1052 Column 'name' in where clause is ambiguous] >>>>> at /var/www/html/triton/server/bo/util/TaxonomyBO.php, line (28)
[Thu, 23 Apr 15 16:23:39 +0000][DEBUG] Triton\Bo\Sales\SalesOrderBO: [50] >>>>> at 
[Thu, 23 Apr 15 16:23:39 +0000][DEBUG] PDOException: [SQLSTATE[42S22]: Column not found: 1054 Unknown column 'sales_order_numbers.id' in 'field list'] >>>>> at /var/www/html/triton/server/bo/sales/SalesOrderBO.php, line (379)
[Thu, 23 Apr 15 16:43:38 +0000][DEBUG] Phalcon\Mvc\Model\Exception: [Row is an immutable ArrayAccess object] >>>>> at phalcon/mvc/model/row.zep, line (77)
[Thu, 23 Apr 15 16:43:39 +0000][DEBUG] PDOException: [SQLSTATE[23000]: Integrity constraint violation: 1052 Column 'name' in where clause is ambiguous] >>>>> at /var/www/html/triton/server/bo/util/TaxonomyBO.php, line (28)
[Thu, 23 Apr 15 16:43:39 +0000][DEBUG] PDOException: [SQLSTATE[23000]: Integrity constraint violation: 1052 Column 'name' in where clause is ambiguous] >>>>> at /var/www/html/triton/server/bo/util/TaxonomyBO.php, line (28)
[Thu, 23 Apr 15 16:43:39 +0000][DEBUG] PDOException: [SQLSTATE[23000]: Integrity constraint violation: 1052 Column 'name' in where clause is ambiguous] >>>>> at /var/www/html/triton/server/bo/util/TaxonomyBO.php, line (28)
[Thu, 23 Apr 15 16:43:39 +0000][DEBUG] PDOException: [SQLSTATE[23000]: Integrity constraint violation: 1052 Column 'name' in where clause is ambiguous] >>>>> at /var/www/html/triton/server/bo/util/TaxonomyBO.php, line (28)
[Thu, 23 Apr 15 16:43:49 +0000][DEBUG] Phalcon\Mvc\Model\Exception: [Row is an immutable ArrayAccess object] >>>>> at phalcon/mvc/model/row.zep, line (77)
[Thu, 23 Apr 15 16:43:50 +0000][DEBUG] PDOException: [SQLSTATE[23000]: Integrity constraint violation: 1052 Column 'name' in where clause is ambiguous] >>>>> at /var/www/html/triton/server/bo/util/TaxonomyBO.php, line (28)
[Thu, 23 Apr 15 16:43:50 +0000][DEBUG] PDOException: [SQLSTATE[23000]: Integrity constraint violation: 1052 Column 'name' in where clause is ambiguous] >>>>> at /var/www/html/triton/server/bo/util/TaxonomyBO.php, line (28)
[Thu, 23 Apr 15 16:43:50 +0000][DEBUG] PDOException: [SQLSTATE[23000]: Integrity constraint violation: 1052 Column 'name' in where clause is ambiguous] >>>>> at /var/www/html/triton/server/bo/util/TaxonomyBO.php, line (28)
[Thu, 23 Apr 15 16:43:50 +0000][DEBUG] PDOException: [SQLSTATE[23000]: Integrity constraint violation: 1052 Column 'name' in where clause is ambiguous] >>>>> at /var/www/html/triton/server/bo/util/TaxonomyBO.php, line (28)
[Thu, 23 Apr 15 18:10:49 +0000][DEBUG] Triton\Bo\Sales\SalesOrderBO: [51] >>>>> at 
[Thu, 23 Apr 15 18:11:45 +0000][DEBUG] PDOException: [SQLSTATE[HY093]: Invalid parameter number: no parameters were bound] >>>>> at /var/www/html/triton/server/bo/sales/SalesOrderBO.php, line (552)
[Fri, 24 Apr 15 11:03:02 +0000][DEBUG] Phalcon\Mvc\Model\Exception: [Row is an immutable ArrayAccess object] >>>>> at phalcon/mvc/model/row.zep, line (77)
[Fri, 24 Apr 15 11:03:02 +0000][DEBUG] PDOException: [SQLSTATE[23000]: Integrity constraint violation: 1052 Column 'name' in where clause is ambiguous] >>>>> at /var/www/html/triton/server/bo/util/TaxonomyBO.php, line (28)
[Fri, 24 Apr 15 11:03:02 +0000][DEBUG] PDOException: [SQLSTATE[23000]: Integrity constraint violation: 1052 Column 'name' in where clause is ambiguous] >>>>> at /var/www/html/triton/server/bo/util/TaxonomyBO.php, line (28)
[Fri, 24 Apr 15 11:03:02 +0000][DEBUG] PDOException: [SQLSTATE[23000]: Integrity constraint violation: 1052 Column 'name' in where clause is ambiguous] >>>>> at /var/www/html/triton/server/bo/util/TaxonomyBO.php, line (28)
[Fri, 24 Apr 15 11:03:02 +0000][DEBUG] PDOException: [SQLSTATE[23000]: Integrity constraint violation: 1052 Column 'name' in where clause is ambiguous] >>>>> at /var/www/html/triton/server/bo/util/TaxonomyBO.php, line (28)
[Fri, 24 Apr 15 23:02:24 +0000][DEBUG] Phalcon\Mvc\Model\Exception: [Row is an immutable ArrayAccess object] >>>>> at phalcon/mvc/model/row.zep, line (77)
[Fri, 24 Apr 15 23:02:24 +0000][DEBUG] PDOException: [SQLSTATE[23000]: Integrity constraint violation: 1052 Column 'name' in where clause is ambiguous] >>>>> at /var/www/html/triton/server/bo/util/TaxonomyBO.php, line (28)
[Fri, 24 Apr 15 23:02:24 +0000][DEBUG] PDOException: [SQLSTATE[23000]: Integrity constraint violation: 1052 Column 'name' in where clause is ambiguous] >>>>> at /var/www/html/triton/server/bo/util/TaxonomyBO.php, line (28)
[Fri, 24 Apr 15 23:02:24 +0000][DEBUG] PDOException: [SQLSTATE[23000]: Integrity constraint violation: 1052 Column 'name' in where clause is ambiguous] >>>>> at /var/www/html/triton/server/bo/util/TaxonomyBO.php, line (28)
[Fri, 24 Apr 15 23:02:24 +0000][DEBUG] PDOException: [SQLSTATE[23000]: Integrity constraint violation: 1052 Column 'name' in where clause is ambiguous] >>>>> at /var/www/html/triton/server/bo/util/TaxonomyBO.php, line (28)
[Sat, 25 Apr 15 03:27:19 +0000][DEBUG] Phalcon\Mvc\Model\Exception: [Row is an immutable ArrayAccess object] >>>>> at phalcon/mvc/model/row.zep, line (77)
[Sat, 25 Apr 15 03:27:20 +0000][DEBUG] PDOException: [SQLSTATE[23000]: Integrity constraint violation: 1052 Column 'name' in where clause is ambiguous] >>>>> at /var/www/html/triton/server/bo/util/TaxonomyBO.php, line (28)
[Sat, 25 Apr 15 03:27:20 +0000][DEBUG] PDOException: [SQLSTATE[23000]: Integrity constraint violation: 1052 Column 'name' in where clause is ambiguous] >>>>> at /var/www/html/triton/server/bo/util/TaxonomyBO.php, line (28)
[Sat, 25 Apr 15 03:27:20 +0000][DEBUG] PDOException: [SQLSTATE[23000]: Integrity constraint violation: 1052 Column 'name' in where clause is ambiguous] >>>>> at /var/www/html/triton/server/bo/util/TaxonomyBO.php, line (28)
[Sat, 25 Apr 15 03:27:20 +0000][DEBUG] PDOException: [SQLSTATE[23000]: Integrity constraint violation: 1052 Column 'name' in where clause is ambiguous] >>>>> at /var/www/html/triton/server/bo/util/TaxonomyBO.php, line (28)
[Sat, 25 Apr 15 03:31:26 +0000][DEBUG] PDOException: [SQLSTATE[23000]: Integrity constraint violation: 1052 Column 'name' in where clause is ambiguous] >>>>> at /var/www/html/triton/server/bo/util/TaxonomyBO.php, line (28)
[Sat, 25 Apr 15 03:34:43 +0000][DEBUG] PDOException: [SQLSTATE[23000]: Integrity constraint violation: 1052 Column 'name' in where clause is ambiguous] >>>>> at /var/www/html/triton/server/bo/util/TaxonomyBO.php, line (28)
[Sat, 25 Apr 15 03:36:07 +0000][DEBUG] PDOException: [SQLSTATE[23000]: Integrity constraint violation: 1052 Column 'name' in where clause is ambiguous] >>>>> at /var/www/html/triton/server/bo/util/TaxonomyBO.php, line (28)
[Sat, 25 Apr 15 03:39:12 +0000][DEBUG] PDOException: [SQLSTATE[23000]: Integrity constraint violation: 1052 Column 'name' in where clause is ambiguous] >>>>> at /var/www/html/triton/server/bo/util/TaxonomyBO.php, line (28)
[Sat, 25 Apr 15 03:39:14 +0000][DEBUG] PDOException: [SQLSTATE[23000]: Integrity constraint violation: 1052 Column 'name' in where clause is ambiguous] >>>>> at /var/www/html/triton/server/bo/util/TaxonomyBO.php, line (28)
[Sat, 25 Apr 15 03:39:15 +0000][DEBUG] PDOException: [SQLSTATE[23000]: Integrity constraint violation: 1052 Column 'name' in where clause is ambiguous] >>>>> at /var/www/html/triton/server/bo/util/TaxonomyBO.php, line (28)
[Sat, 25 Apr 15 03:42:11 +0000][DEBUG] PDOException: [SQLSTATE[42S22]: Column not found: 1054 Unknown column 'vocabulary_name' in 'where clause'] >>>>> at /var/www/html/triton/server/bo/util/TaxonomyBO.php, line (28)
[Sat, 25 Apr 15 03:42:52 +0000][DEBUG] PDOException: [SQLSTATE[23000]: Integrity constraint violation: 1052 Column 'name' in where clause is ambiguous] >>>>> at /var/www/html/triton/server/bo/util/TaxonomyBO.php, line (28)
[Sat, 25 Apr 15 03:43:00 +0000][DEBUG] PDOException: [SQLSTATE[23000]: Integrity constraint violation: 1052 Column 'name' in where clause is ambiguous] >>>>> at /var/www/html/triton/server/bo/util/TaxonomyBO.php, line (28)
[Sat, 25 Apr 15 03:44:52 +0000][DEBUG] Phalcon\Mvc\Model\Exception: [Row is an immutable ArrayAccess object] >>>>> at phalcon/mvc/model/row.zep, line (77)
[Sat, 25 Apr 15 03:45:37 +0000][DEBUG] Phalcon\Mvc\Model\Exception: [Row is an immutable ArrayAccess object] >>>>> at phalcon/mvc/model/row.zep, line (77)
[Thu, 30 Apr 15 15:11:41 +0000][DEBUG] PDOException: [SQLSTATE[28000] [1045] Access denied for user 'juangalf'@'localhost' (using password: YES)] >>>>> at /var/www/html/triton/server/bootstrap.php, line (51)
[Thu, 30 Apr 15 15:11:45 +0000][DEBUG] PDOException: [SQLSTATE[28000] [1045] Access denied for user 'juangalf'@'localhost' (using password: YES)] >>>>> at /var/www/html/triton/server/bootstrap.php, line (51)
[Thu, 30 Apr 15 15:11:45 +0000][DEBUG] PDOException: [SQLSTATE[28000] [1045] Access denied for user 'juangalf'@'localhost' (using password: YES)] >>>>> at /var/www/html/triton/server/bootstrap.php, line (51)
[Thu, 30 Apr 15 15:11:47 +0000][DEBUG] PDOException: [SQLSTATE[28000] [1045] Access denied for user 'juangalf'@'localhost' (using password: YES)] >>>>> at /var/www/html/triton/server/bootstrap.php, line (51)
[Thu, 30 Apr 15 15:11:57 +0000][DEBUG] PDOException: [SQLSTATE[28000] [1045] Access denied for user 'juangalf'@'localhost' (using password: YES)] >>>>> at /var/www/html/triton/server/bootstrap.php, line (51)
[Thu, 30 Apr 15 15:11:59 +0000][DEBUG] PDOException: [SQLSTATE[28000] [1045] Access denied for user 'juangalf'@'localhost' (using password: YES)] >>>>> at /var/www/html/triton/server/bootstrap.php, line (51)
[Thu, 30 Apr 15 15:12:00 +0000][DEBUG] PDOException: [SQLSTATE[28000] [1045] Access denied for user 'juangalf'@'localhost' (using password: YES)] >>>>> at /var/www/html/triton/server/bootstrap.php, line (51)
[Thu, 30 Apr 15 15:12:01 +0000][DEBUG] PDOException: [SQLSTATE[28000] [1045] Access denied for user 'juangalf'@'localhost' (using password: YES)] >>>>> at /var/www/html/triton/server/bootstrap.php, line (51)
[Thu, 30 Apr 15 15:13:46 +0000][DEBUG] PDOException: [SQLSTATE[28000] [1045] Access denied for user 'juangalf'@'localhost' (using password: YES)] >>>>> at /var/www/html/triton/server/bootstrap.php, line (51)
[Thu, 30 Apr 15 15:13:47 +0000][DEBUG] PDOException: [SQLSTATE[28000] [1045] Access denied for user 'juangalf'@'localhost' (using password: YES)] >>>>> at /var/www/html/triton/server/bootstrap.php, line (51)
[Thu, 30 Apr 15 15:13:47 +0000][DEBUG] PDOException: [SQLSTATE[28000] [1045] Access denied for user 'juangalf'@'localhost' (using password: YES)] >>>>> at /var/www/html/triton/server/bootstrap.php, line (51)
[Thu, 30 Apr 15 16:53:11 +0000][DEBUG] PDOException: [SQLSTATE[28000] [1045] Access denied for user 'juangalf'@'localhost' (using password: YES)] >>>>> at /var/www/html/triton/server/bootstrap.php, line (51)
[Thu, 30 Apr 15 16:53:11 +0000][DEBUG] PDOException: [SQLSTATE[28000] [1045] Access denied for user 'juangalf'@'localhost' (using password: YES)] >>>>> at /var/www/html/triton/server/bootstrap.php, line (51)
[Thu, 30 Apr 15 16:53:11 +0000][DEBUG] PDOException: [SQLSTATE[28000] [1045] Access denied for user 'juangalf'@'localhost' (using password: YES)] >>>>> at /var/www/html/triton/server/bootstrap.php, line (51)
[Thu, 30 Apr 15 16:53:11 +0000][DEBUG] PDOException: [SQLSTATE[28000] [1045] Access denied for user 'juangalf'@'localhost' (using password: YES)] >>>>> at /var/www/html/triton/server/bootstrap.php, line (51)
[Thu, 30 Apr 15 16:53:12 +0000][DEBUG] PDOException: [SQLSTATE[28000] [1045] Access denied for user 'juangalf'@'localhost' (using password: YES)] >>>>> at /var/www/html/triton/server/bootstrap.php, line (51)
[Thu, 30 Apr 15 16:53:12 +0000][DEBUG] PDOException: [SQLSTATE[28000] [1045] Access denied for user 'juangalf'@'localhost' (using password: YES)] >>>>> at /var/www/html/triton/server/bootstrap.php, line (51)
[Thu, 30 Apr 15 16:53:12 +0000][DEBUG] PDOException: [SQLSTATE[28000] [1045] Access denied for user 'juangalf'@'localhost' (using password: YES)] >>>>> at /var/www/html/triton/server/bootstrap.php, line (51)
[Thu, 30 Apr 15 16:56:19 +0000][DEBUG] PDOException: [SQLSTATE[28000] [1045] Access denied for user 'juangalf'@'localhost' (using password: YES)] >>>>> at /var/www/html/triton/server/bootstrap.php, line (51)
[Thu, 30 Apr 15 16:56:19 +0000][DEBUG] PDOException: [SQLSTATE[28000] [1045] Access denied for user 'juangalf'@'localhost' (using password: YES)] >>>>> at /var/www/html/triton/server/bootstrap.php, line (51)
[Thu, 30 Apr 15 16:56:19 +0000][DEBUG] PDOException: [SQLSTATE[28000] [1045] Access denied for user 'juangalf'@'localhost' (using password: YES)] >>>>> at /var/www/html/triton/server/bootstrap.php, line (51)
[Thu, 30 Apr 15 16:56:19 +0000][DEBUG] PDOException: [SQLSTATE[28000] [1045] Access denied for user 'juangalf'@'localhost' (using password: YES)] >>>>> at /var/www/html/triton/server/bootstrap.php, line (51)
[Thu, 30 Apr 15 16:56:20 +0000][DEBUG] PDOException: [SQLSTATE[28000] [1045] Access denied for user 'juangalf'@'localhost' (using password: YES)] >>>>> at /var/www/html/triton/server/bootstrap.php, line (51)
[Thu, 30 Apr 15 16:56:20 +0000][DEBUG] PDOException: [SQLSTATE[28000] [1045] Access denied for user 'juangalf'@'localhost' (using password: YES)] >>>>> at /var/www/html/triton/server/bootstrap.php, line (51)
[Thu, 30 Apr 15 16:56:20 +0000][DEBUG] PDOException: [SQLSTATE[28000] [1045] Access denied for user 'juangalf'@'localhost' (using password: YES)] >>>>> at /var/www/html/triton/server/bootstrap.php, line (51)
[Thu, 30 Apr 15 17:40:54 +0000][DEBUG] Triton\Bo\Sales\SalesOrderBO: [50] >>>>> at 
[Fri, 01 May 15 05:36:05 +0000][DEBUG] Triton\Bo\Sales\SalesOrderBO: [52] >>>>> at 
[Fri, 01 May 15 05:39:28 +0000][DEBUG] Triton\Bo\Sales\SalesOrderBO: [52] >>>>> at 
[Fri, 01 May 15 05:40:08 +0000][DEBUG] Triton\Bo\Sales\SalesOrderBO: [] >>>>> at 
[Fri, 01 May 15 06:22:47 +0000][DEBUG] Triton\Bo\Sales\SalesOrderBO: [53] >>>>> at 
[Fri, 01 May 15 06:35:12 +0000][DEBUG] Triton\Bo\Sales\SalesOrderBO: [53] >>>>> at 
[Fri, 01 May 15 06:35:47 +0000][DEBUG] Triton\Bo\Sales\SalesOrderBO: [53] >>>>> at 
[Fri, 01 May 15 06:36:38 +0000][DEBUG] Triton\Bo\Sales\SalesOrderBO: [53] >>>>> at 
[Fri, 01 May 15 06:37:29 +0000][DEBUG] Triton\Bo\Sales\SalesOrderBO: [53] >>>>> at 
[Fri, 01 May 15 06:37:55 +0000][DEBUG] Triton\Bo\Sales\SalesOrderBO: [53] >>>>> at 
[Fri, 01 May 15 21:20:27 +0000][DEBUG] Triton\Bo\Sales\SalesOrderBO: [54] >>>>> at 
[Fri, 01 May 15 21:25:54 +0000][DEBUG] Triton\Bo\Sales\SalesOrderBO: [44] >>>>> at 
[Fri, 01 May 15 21:26:59 +0000][DEBUG] Triton\Bo\Sales\SalesOrderBO: [45] >>>>> at 
[Sat, 02 May 15 18:31:32 +0000][DEBUG] Triton\Bo\Sales\SalesOrderBO: [55] >>>>> at 
[Sat, 02 May 15 18:37:27 +0000][DEBUG] Triton\Bo\Sales\SalesOrderBO: [46] >>>>> at 
